<?xml version="1.0" encoding="UTF-8"?>
<testsuite xmlns:xsi="http://www.w3.org/2001/XMLSchema-instance" xsi:noNamespaceSchemaLocation="https://maven.apache.org/surefire/maven-surefire-plugin/xsd/surefire-test-report.xsd" name="com.jtspringproject.JtSpringProject.AdminControllerTest" time="0.038" tests="5" errors="2" skipped="0" failures="0">
  <properties>
    <property name="gopherProxySet" value="false"/>
    <property name="awt.toolkit" value="sun.lwawt.macosx.LWCToolkit"/>
    <property name="java.specification.version" value="11"/>
    <property name="sun.cpu.isalist" value=""/>
    <property name="sun.jnu.encoding" value="UTF-8"/>
    <property name="java.class.path" value="/Users/thomasyu/IdeaProjects/Software-Testing-Group-Project/JtProject/target/test-classes:/Users/thomasyu/IdeaProjects/Software-Testing-Group-Project/JtProject/target/classes:/Users/thomasyu/.m2/repository/org/springframework/boot/spring-boot-starter-web/2.6.4/spring-boot-starter-web-2.6.4.jar:/Users/thomasyu/.m2/repository/org/springframework/boot/spring-boot-starter/2.6.4/spring-boot-starter-2.6.4.jar:/Users/thomasyu/.m2/repository/org/springframework/boot/spring-boot-starter-logging/2.6.4/spring-boot-starter-logging-2.6.4.jar:/Users/thomasyu/.m2/repository/ch/qos/logback/logback-classic/1.2.10/logback-classic-1.2.10.jar:/Users/thomasyu/.m2/repository/ch/qos/logback/logback-core/1.2.10/logback-core-1.2.10.jar:/Users/thomasyu/.m2/repository/org/apache/logging/log4j/log4j-to-slf4j/2.17.1/log4j-to-slf4j-2.17.1.jar:/Users/thomasyu/.m2/repository/org/apache/logging/log4j/log4j-api/2.17.1/log4j-api-2.17.1.jar:/Users/thomasyu/.m2/repository/org/slf4j/jul-to-slf4j/1.7.36/jul-to-slf4j-1.7.36.jar:/Users/thomasyu/.m2/repository/jakarta/annotation/jakarta.annotation-api/1.3.5/jakarta.annotation-api-1.3.5.jar:/Users/thomasyu/.m2/repository/org/yaml/snakeyaml/1.29/snakeyaml-1.29.jar:/Users/thomasyu/.m2/repository/org/springframework/boot/spring-boot-starter-json/2.6.4/spring-boot-starter-json-2.6.4.jar:/Users/thomasyu/.m2/repository/com/fasterxml/jackson/core/jackson-databind/2.13.1/jackson-databind-2.13.1.jar:/Users/thomasyu/.m2/repository/com/fasterxml/jackson/core/jackson-annotations/2.13.1/jackson-annotations-2.13.1.jar:/Users/thomasyu/.m2/repository/com/fasterxml/jackson/core/jackson-core/2.13.1/jackson-core-2.13.1.jar:/Users/thomasyu/.m2/repository/com/fasterxml/jackson/datatype/jackson-datatype-jdk8/2.13.1/jackson-datatype-jdk8-2.13.1.jar:/Users/thomasyu/.m2/repository/com/fasterxml/jackson/datatype/jackson-datatype-jsr310/2.13.1/jackson-datatype-jsr310-2.13.1.jar:/Users/thomasyu/.m2/repository/com/fasterxml/jackson/module/jackson-module-parameter-names/2.13.1/jackson-module-parameter-names-2.13.1.jar:/Users/thomasyu/.m2/repository/org/springframework/boot/spring-boot-starter-tomcat/2.6.4/spring-boot-starter-tomcat-2.6.4.jar:/Users/thomasyu/.m2/repository/org/apache/tomcat/embed/tomcat-embed-websocket/9.0.58/tomcat-embed-websocket-9.0.58.jar:/Users/thomasyu/.m2/repository/org/springframework/spring-web/5.3.16/spring-web-5.3.16.jar:/Users/thomasyu/.m2/repository/org/springframework/spring-beans/5.3.16/spring-beans-5.3.16.jar:/Users/thomasyu/.m2/repository/org/springframework/spring-webmvc/5.3.16/spring-webmvc-5.3.16.jar:/Users/thomasyu/.m2/repository/org/springframework/spring-aop/5.3.16/spring-aop-5.3.16.jar:/Users/thomasyu/.m2/repository/org/springframework/spring-context/5.3.16/spring-context-5.3.16.jar:/Users/thomasyu/.m2/repository/org/springframework/spring-expression/5.3.16/spring-expression-5.3.16.jar:/Users/thomasyu/.m2/repository/org/springframework/boot/spring-boot-starter-test/2.6.4/spring-boot-starter-test-2.6.4.jar:/Users/thomasyu/.m2/repository/org/springframework/boot/spring-boot-test/2.6.4/spring-boot-test-2.6.4.jar:/Users/thomasyu/.m2/repository/org/springframework/boot/spring-boot-test-autoconfigure/2.6.4/spring-boot-test-autoconfigure-2.6.4.jar:/Users/thomasyu/.m2/repository/com/jayway/jsonpath/json-path/2.6.0/json-path-2.6.0.jar:/Users/thomasyu/.m2/repository/net/minidev/json-smart/2.4.8/json-smart-2.4.8.jar:/Users/thomasyu/.m2/repository/net/minidev/accessors-smart/2.4.8/accessors-smart-2.4.8.jar:/Users/thomasyu/.m2/repository/org/ow2/asm/asm/9.1/asm-9.1.jar:/Users/thomasyu/.m2/repository/org/slf4j/slf4j-api/1.7.36/slf4j-api-1.7.36.jar:/Users/thomasyu/.m2/repository/jakarta/xml/bind/jakarta.xml.bind-api/2.3.3/jakarta.xml.bind-api-2.3.3.jar:/Users/thomasyu/.m2/repository/jakarta/activation/jakarta.activation-api/1.2.2/jakarta.activation-api-1.2.2.jar:/Users/thomasyu/.m2/repository/org/assertj/assertj-core/3.21.0/assertj-core-3.21.0.jar:/Users/thomasyu/.m2/repository/org/hamcrest/hamcrest/2.2/hamcrest-2.2.jar:/Users/thomasyu/.m2/repository/org/junit/jupiter/junit-jupiter/5.8.2/junit-jupiter-5.8.2.jar:/Users/thomasyu/.m2/repository/org/junit/jupiter/junit-jupiter-params/5.8.2/junit-jupiter-params-5.8.2.jar:/Users/thomasyu/.m2/repository/org/junit/jupiter/junit-jupiter-engine/5.8.2/junit-jupiter-engine-5.8.2.jar:/Users/thomasyu/.m2/repository/org/junit/platform/junit-platform-engine/1.8.2/junit-platform-engine-1.8.2.jar:/Users/thomasyu/.m2/repository/org/mockito/mockito-core/4.0.0/mockito-core-4.0.0.jar:/Users/thomasyu/.m2/repository/net/bytebuddy/byte-buddy/1.11.22/byte-buddy-1.11.22.jar:/Users/thomasyu/.m2/repository/net/bytebuddy/byte-buddy-agent/1.11.22/byte-buddy-agent-1.11.22.jar:/Users/thomasyu/.m2/repository/org/objenesis/objenesis/3.2/objenesis-3.2.jar:/Users/thomasyu/.m2/repository/org/mockito/mockito-junit-jupiter/4.0.0/mockito-junit-jupiter-4.0.0.jar:/Users/thomasyu/.m2/repository/org/skyscreamer/jsonassert/1.5.0/jsonassert-1.5.0.jar:/Users/thomasyu/.m2/repository/com/vaadin/external/google/android-json/0.0.20131108.vaadin1/android-json-0.0.20131108.vaadin1.jar:/Users/thomasyu/.m2/repository/org/springframework/spring-core/5.3.16/spring-core-5.3.16.jar:/Users/thomasyu/.m2/repository/org/springframework/spring-jcl/5.3.16/spring-jcl-5.3.16.jar:/Users/thomasyu/.m2/repository/org/springframework/spring-test/5.3.16/spring-test-5.3.16.jar:/Users/thomasyu/.m2/repository/org/xmlunit/xmlunit-core/2.8.4/xmlunit-core-2.8.4.jar:/Users/thomasyu/.m2/repository/org/junit/jupiter/junit-jupiter-api/5.8.2/junit-jupiter-api-5.8.2.jar:/Users/thomasyu/.m2/repository/org/opentest4j/opentest4j/1.2.0/opentest4j-1.2.0.jar:/Users/thomasyu/.m2/repository/org/junit/platform/junit-platform-commons/1.8.2/junit-platform-commons-1.8.2.jar:/Users/thomasyu/.m2/repository/org/apiguardian/apiguardian-api/1.1.2/apiguardian-api-1.1.2.jar:/Users/thomasyu/.m2/repository/org/springframework/boot/spring-boot-devtools/2.6.4/spring-boot-devtools-2.6.4.jar:/Users/thomasyu/.m2/repository/org/springframework/boot/spring-boot/2.6.4/spring-boot-2.6.4.jar:/Users/thomasyu/.m2/repository/org/springframework/boot/spring-boot-autoconfigure/2.6.4/spring-boot-autoconfigure-2.6.4.jar:/Users/thomasyu/.m2/repository/javax/servlet/jstl/1.2/jstl-1.2.jar:/Users/thomasyu/.m2/repository/org/apache/tomcat/embed/tomcat-embed-jasper/9.0.58/tomcat-embed-jasper-9.0.58.jar:/Users/thomasyu/.m2/repository/org/apache/tomcat/embed/tomcat-embed-core/9.0.58/tomcat-embed-core-9.0.58.jar:/Users/thomasyu/.m2/repository/org/apache/tomcat/tomcat-annotations-api/9.0.58/tomcat-annotations-api-9.0.58.jar:/Users/thomasyu/.m2/repository/org/apache/tomcat/embed/tomcat-embed-el/9.0.58/tomcat-embed-el-9.0.58.jar:/Users/thomasyu/.m2/repository/org/eclipse/jdt/ecj/3.18.0/ecj-3.18.0.jar:/Users/thomasyu/.m2/repository/mysql/mysql-connector-java/8.0.28/mysql-connector-java-8.0.28.jar:"/>
    <property name="java.vm.vendor" value="AdoptOpenJDK"/>
    <property name="sun.arch.data.model" value="64"/>
    <property name="java.vendor.url" value="https://adoptopenjdk.net/"/>
    <property name="user.timezone" value=""/>
    <property name="java.vm.specification.version" value="11"/>
    <property name="os.name" value="Mac OS X"/>
    <property name="sun.java.launcher" value="SUN_STANDARD"/>
    <property name="user.country" value="US"/>
    <property name="sun.boot.library.path" value="/Library/Java/JavaVirtualMachines/adoptopenjdk-11.jdk/Contents/Home/lib"/>
    <property name="sun.java.command" value="/Users/thomasyu/IdeaProjects/Software-Testing-Group-Project/JtProject/target/surefire/surefirebooter5183183270250901841.jar /Users/thomasyu/IdeaProjects/Software-Testing-Group-Project/JtProject/target/surefire 2023-04-19T13-44-08_034-jvmRun1 surefire6928801262385688918tmp surefire_06549247735991959699tmp"/>
    <property name="http.nonProxyHosts" value="local|*.local|169.254/16|*.169.254/16"/>
    <property name="jdk.debug" value="release"/>
    <property name="surefire.test.class.path" value="/Users/thomasyu/IdeaProjects/Software-Testing-Group-Project/JtProject/target/test-classes:/Users/thomasyu/IdeaProjects/Software-Testing-Group-Project/JtProject/target/classes:/Users/thomasyu/.m2/repository/org/springframework/boot/spring-boot-starter-web/2.6.4/spring-boot-starter-web-2.6.4.jar:/Users/thomasyu/.m2/repository/org/springframework/boot/spring-boot-starter/2.6.4/spring-boot-starter-2.6.4.jar:/Users/thomasyu/.m2/repository/org/springframework/boot/spring-boot-starter-logging/2.6.4/spring-boot-starter-logging-2.6.4.jar:/Users/thomasyu/.m2/repository/ch/qos/logback/logback-classic/1.2.10/logback-classic-1.2.10.jar:/Users/thomasyu/.m2/repository/ch/qos/logback/logback-core/1.2.10/logback-core-1.2.10.jar:/Users/thomasyu/.m2/repository/org/apache/logging/log4j/log4j-to-slf4j/2.17.1/log4j-to-slf4j-2.17.1.jar:/Users/thomasyu/.m2/repository/org/apache/logging/log4j/log4j-api/2.17.1/log4j-api-2.17.1.jar:/Users/thomasyu/.m2/repository/org/slf4j/jul-to-slf4j/1.7.36/jul-to-slf4j-1.7.36.jar:/Users/thomasyu/.m2/repository/jakarta/annotation/jakarta.annotation-api/1.3.5/jakarta.annotation-api-1.3.5.jar:/Users/thomasyu/.m2/repository/org/yaml/snakeyaml/1.29/snakeyaml-1.29.jar:/Users/thomasyu/.m2/repository/org/springframework/boot/spring-boot-starter-json/2.6.4/spring-boot-starter-json-2.6.4.jar:/Users/thomasyu/.m2/repository/com/fasterxml/jackson/core/jackson-databind/2.13.1/jackson-databind-2.13.1.jar:/Users/thomasyu/.m2/repository/com/fasterxml/jackson/core/jackson-annotations/2.13.1/jackson-annotations-2.13.1.jar:/Users/thomasyu/.m2/repository/com/fasterxml/jackson/core/jackson-core/2.13.1/jackson-core-2.13.1.jar:/Users/thomasyu/.m2/repository/com/fasterxml/jackson/datatype/jackson-datatype-jdk8/2.13.1/jackson-datatype-jdk8-2.13.1.jar:/Users/thomasyu/.m2/repository/com/fasterxml/jackson/datatype/jackson-datatype-jsr310/2.13.1/jackson-datatype-jsr310-2.13.1.jar:/Users/thomasyu/.m2/repository/com/fasterxml/jackson/module/jackson-module-parameter-names/2.13.1/jackson-module-parameter-names-2.13.1.jar:/Users/thomasyu/.m2/repository/org/springframework/boot/spring-boot-starter-tomcat/2.6.4/spring-boot-starter-tomcat-2.6.4.jar:/Users/thomasyu/.m2/repository/org/apache/tomcat/embed/tomcat-embed-websocket/9.0.58/tomcat-embed-websocket-9.0.58.jar:/Users/thomasyu/.m2/repository/org/springframework/spring-web/5.3.16/spring-web-5.3.16.jar:/Users/thomasyu/.m2/repository/org/springframework/spring-beans/5.3.16/spring-beans-5.3.16.jar:/Users/thomasyu/.m2/repository/org/springframework/spring-webmvc/5.3.16/spring-webmvc-5.3.16.jar:/Users/thomasyu/.m2/repository/org/springframework/spring-aop/5.3.16/spring-aop-5.3.16.jar:/Users/thomasyu/.m2/repository/org/springframework/spring-context/5.3.16/spring-context-5.3.16.jar:/Users/thomasyu/.m2/repository/org/springframework/spring-expression/5.3.16/spring-expression-5.3.16.jar:/Users/thomasyu/.m2/repository/org/springframework/boot/spring-boot-starter-test/2.6.4/spring-boot-starter-test-2.6.4.jar:/Users/thomasyu/.m2/repository/org/springframework/boot/spring-boot-test/2.6.4/spring-boot-test-2.6.4.jar:/Users/thomasyu/.m2/repository/org/springframework/boot/spring-boot-test-autoconfigure/2.6.4/spring-boot-test-autoconfigure-2.6.4.jar:/Users/thomasyu/.m2/repository/com/jayway/jsonpath/json-path/2.6.0/json-path-2.6.0.jar:/Users/thomasyu/.m2/repository/net/minidev/json-smart/2.4.8/json-smart-2.4.8.jar:/Users/thomasyu/.m2/repository/net/minidev/accessors-smart/2.4.8/accessors-smart-2.4.8.jar:/Users/thomasyu/.m2/repository/org/ow2/asm/asm/9.1/asm-9.1.jar:/Users/thomasyu/.m2/repository/org/slf4j/slf4j-api/1.7.36/slf4j-api-1.7.36.jar:/Users/thomasyu/.m2/repository/jakarta/xml/bind/jakarta.xml.bind-api/2.3.3/jakarta.xml.bind-api-2.3.3.jar:/Users/thomasyu/.m2/repository/jakarta/activation/jakarta.activation-api/1.2.2/jakarta.activation-api-1.2.2.jar:/Users/thomasyu/.m2/repository/org/assertj/assertj-core/3.21.0/assertj-core-3.21.0.jar:/Users/thomasyu/.m2/repository/org/hamcrest/hamcrest/2.2/hamcrest-2.2.jar:/Users/thomasyu/.m2/repository/org/junit/jupiter/junit-jupiter/5.8.2/junit-jupiter-5.8.2.jar:/Users/thomasyu/.m2/repository/org/junit/jupiter/junit-jupiter-params/5.8.2/junit-jupiter-params-5.8.2.jar:/Users/thomasyu/.m2/repository/org/junit/jupiter/junit-jupiter-engine/5.8.2/junit-jupiter-engine-5.8.2.jar:/Users/thomasyu/.m2/repository/org/junit/platform/junit-platform-engine/1.8.2/junit-platform-engine-1.8.2.jar:/Users/thomasyu/.m2/repository/org/mockito/mockito-core/4.0.0/mockito-core-4.0.0.jar:/Users/thomasyu/.m2/repository/net/bytebuddy/byte-buddy/1.11.22/byte-buddy-1.11.22.jar:/Users/thomasyu/.m2/repository/net/bytebuddy/byte-buddy-agent/1.11.22/byte-buddy-agent-1.11.22.jar:/Users/thomasyu/.m2/repository/org/objenesis/objenesis/3.2/objenesis-3.2.jar:/Users/thomasyu/.m2/repository/org/mockito/mockito-junit-jupiter/4.0.0/mockito-junit-jupiter-4.0.0.jar:/Users/thomasyu/.m2/repository/org/skyscreamer/jsonassert/1.5.0/jsonassert-1.5.0.jar:/Users/thomasyu/.m2/repository/com/vaadin/external/google/android-json/0.0.20131108.vaadin1/android-json-0.0.20131108.vaadin1.jar:/Users/thomasyu/.m2/repository/org/springframework/spring-core/5.3.16/spring-core-5.3.16.jar:/Users/thomasyu/.m2/repository/org/springframework/spring-jcl/5.3.16/spring-jcl-5.3.16.jar:/Users/thomasyu/.m2/repository/org/springframework/spring-test/5.3.16/spring-test-5.3.16.jar:/Users/thomasyu/.m2/repository/org/xmlunit/xmlunit-core/2.8.4/xmlunit-core-2.8.4.jar:/Users/thomasyu/.m2/repository/org/junit/jupiter/junit-jupiter-api/5.8.2/junit-jupiter-api-5.8.2.jar:/Users/thomasyu/.m2/repository/org/opentest4j/opentest4j/1.2.0/opentest4j-1.2.0.jar:/Users/thomasyu/.m2/repository/org/junit/platform/junit-platform-commons/1.8.2/junit-platform-commons-1.8.2.jar:/Users/thomasyu/.m2/repository/org/apiguardian/apiguardian-api/1.1.2/apiguardian-api-1.1.2.jar:/Users/thomasyu/.m2/repository/org/springframework/boot/spring-boot-devtools/2.6.4/spring-boot-devtools-2.6.4.jar:/Users/thomasyu/.m2/repository/org/springframework/boot/spring-boot/2.6.4/spring-boot-2.6.4.jar:/Users/thomasyu/.m2/repository/org/springframework/boot/spring-boot-autoconfigure/2.6.4/spring-boot-autoconfigure-2.6.4.jar:/Users/thomasyu/.m2/repository/javax/servlet/jstl/1.2/jstl-1.2.jar:/Users/thomasyu/.m2/repository/org/apache/tomcat/embed/tomcat-embed-jasper/9.0.58/tomcat-embed-jasper-9.0.58.jar:/Users/thomasyu/.m2/repository/org/apache/tomcat/embed/tomcat-embed-core/9.0.58/tomcat-embed-core-9.0.58.jar:/Users/thomasyu/.m2/repository/org/apache/tomcat/tomcat-annotations-api/9.0.58/tomcat-annotations-api-9.0.58.jar:/Users/thomasyu/.m2/repository/org/apache/tomcat/embed/tomcat-embed-el/9.0.58/tomcat-embed-el-9.0.58.jar:/Users/thomasyu/.m2/repository/org/eclipse/jdt/ecj/3.18.0/ecj-3.18.0.jar:/Users/thomasyu/.m2/repository/mysql/mysql-connector-java/8.0.28/mysql-connector-java-8.0.28.jar:"/>
    <property name="sun.cpu.endian" value="little"/>
    <property name="user.home" value="/Users/thomasyu"/>
    <property name="user.language" value="en"/>
    <property name="java.specification.vendor" value="Oracle Corporation"/>
    <property name="java.version.date" value="2021-01-19"/>
    <property name="java.home" value="/Library/Java/JavaVirtualMachines/adoptopenjdk-11.jdk/Contents/Home"/>
    <property name="file.separator" value="/"/>
    <property name="basedir" value="/Users/thomasyu/IdeaProjects/Software-Testing-Group-Project/JtProject"/>
    <property name="java.vm.compressedOopsMode" value="Zero based"/>
    <property name="line.separator" value="&#10;"/>
    <property name="java.specification.name" value="Java Platform API Specification"/>
    <property name="java.vm.specification.vendor" value="Oracle Corporation"/>
    <property name="java.awt.graphicsenv" value="sun.awt.CGraphicsEnvironment"/>
    <property name="surefire.real.class.path" value="/Users/thomasyu/IdeaProjects/Software-Testing-Group-Project/JtProject/target/surefire/surefirebooter5183183270250901841.jar"/>
    <property name="sun.management.compiler" value="HotSpot 64-Bit Tiered Compilers"/>
    <property name="ftp.nonProxyHosts" value="local|*.local|169.254/16|*.169.254/16"/>
    <property name="java.runtime.version" value="11.0.10+9"/>
    <property name="user.name" value="thomasyu"/>
    <property name="path.separator" value=":"/>
    <property name="os.version" value="10.16"/>
    <property name="java.runtime.name" value="OpenJDK Runtime Environment"/>
    <property name="file.encoding" value="UTF-8"/>
    <property name="java.vm.name" value="OpenJDK 64-Bit Server VM"/>
    <property name="java.vendor.version" value="AdoptOpenJDK"/>
    <property name="localRepository" value="/Users/thomasyu/.m2/repository"/>
    <property name="java.vendor.url.bug" value="https://github.com/AdoptOpenJDK/openjdk-support/issues"/>
    <property name="java.io.tmpdir" value="/var/folders/_f/pbyhpmrs1878q811q6l23jy80000gn/T/"/>
    <property name="idea.version" value="2023.1"/>
    <property name="java.version" value="11.0.10"/>
    <property name="user.dir" value="/Users/thomasyu/IdeaProjects/Software-Testing-Group-Project/JtProject"/>
    <property name="os.arch" value="x86_64"/>
    <property name="java.vm.specification.name" value="Java Virtual Machine Specification"/>
    <property name="java.awt.printerjob" value="sun.lwawt.macosx.CPrinterJob"/>
    <property name="sun.os.patch.level" value="unknown"/>
    <property name="java.library.path" value="/Users/thomasyu/Library/Java/Extensions:/Library/Java/Extensions:/Network/Library/Java/Extensions:/System/Library/Java/Extensions:/usr/lib/java:."/>
    <property name="java.vm.info" value="mixed mode"/>
    <property name="java.vendor" value="AdoptOpenJDK"/>
    <property name="java.vm.version" value="11.0.10+9"/>
    <property name="sun.io.unicode.encoding" value="UnicodeBig"/>
    <property name="java.class.version" value="55.0"/>
    <property name="socksNonProxyHosts" value="local|*.local|169.254/16|*.169.254/16"/>
  </properties>
  <testcase name="testGetCustomerDetailStatus" classname="com.jtspringproject.JtSpringProject.AdminControllerTest" time="0.006">
    <error message="I/O error on GET request for &quot;http://localhost:8080/admin/customers&quot;: Connection refused (Connection refused); nested exception is java.net.ConnectException: Connection refused (Connection refused)" type="org.springframework.web.client.ResourceAccessException">org.springframework.web.client.ResourceAccessException: I/O error on GET request for "http://localhost:8080/admin/customers": Connection refused (Connection refused); nested exception is java.net.ConnectException: Connection refused (Connection refused)
	at com.jtspringproject.JtSpringProject.AdminControllerTest.testGetCustomerDetailStatus(AdminControllerTest.java:49)
Caused by: java.net.ConnectException: Connection refused (Connection refused)
	at com.jtspringproject.JtSpringProject.AdminControllerTest.testGetCustomerDetailStatus(AdminControllerTest.java:49)
</error>
    <system-out><![CDATA[2023-04-19 13:44:11.314  INFO 60098 --- [           main] .b.t.c.SpringBootTestContextBootstrapper : Neither @ContextConfiguration nor @ContextHierarchy found for test class [com.jtspringproject.JtSpringProject.AdminControllerTest], using SpringBootContextLoader
2023-04-19 13:44:11.315  INFO 60098 --- [           main] o.s.t.c.support.AbstractContextLoader    : Could not detect default resource locations for test class [com.jtspringproject.JtSpringProject.AdminControllerTest]: no resource found for suffixes {-context.xml, Context.groovy}.
2023-04-19 13:44:11.315  INFO 60098 --- [           main] t.c.s.AnnotationConfigContextLoaderUtils : Could not detect default configuration classes for test class [com.jtspringproject.JtSpringProject.AdminControllerTest]: AdminControllerTest does not declare any static, non-private, non-final, nested classes annotated with @Configuration.
2023-04-19 13:44:11.316  INFO 60098 --- [           main] .b.t.c.SpringBootTestContextBootstrapper : Found @SpringBootConfiguration com.jtspringproject.JtSpringProject.JtSpringProjectApplication for test class com.jtspringproject.JtSpringProject.AdminControllerTest
2023-04-19 13:44:11.318  INFO 60098 --- [           main] .b.t.c.SpringBootTestContextBootstrapper : Loaded default TestExecutionListener class names from location [META-INF/spring.factories]: [org.springframework.boot.test.mock.mockito.MockitoTestExecutionListener, org.springframework.boot.test.mock.mockito.ResetMocksTestExecutionListener, org.springframework.boot.test.autoconfigure.restdocs.RestDocsTestExecutionListener, org.springframework.boot.test.autoconfigure.web.client.MockRestServiceServerResetTestExecutionListener, org.springframework.boot.test.autoconfigure.web.servlet.MockMvcPrintOnlyOnFailureTestExecutionListener, org.springframework.boot.test.autoconfigure.web.servlet.WebDriverTestExecutionListener, org.springframework.boot.test.autoconfigure.webservices.client.MockWebServiceServerTestExecutionListener, org.springframework.test.context.web.ServletTestExecutionListener, org.springframework.test.context.support.DirtiesContextBeforeModesTestExecutionListener, org.springframework.test.context.event.ApplicationEventsTestExecutionListener, org.springframework.test.context.support.DependencyInjectionTestExecutionListener, org.springframework.test.context.support.DirtiesContextTestExecutionListener, org.springframework.test.context.transaction.TransactionalTestExecutionListener, org.springframework.test.context.jdbc.SqlScriptsTestExecutionListener, org.springframework.test.context.event.EventPublishingTestExecutionListener]
2023-04-19 13:44:11.319  INFO 60098 --- [           main] .b.t.c.SpringBootTestContextBootstrapper : Using TestExecutionListeners: [org.springframework.test.context.web.ServletTestExecutionListener@7c4b5ceb, org.springframework.test.context.support.DirtiesContextBeforeModesTestExecutionListener@6c07add6, org.springframework.test.context.event.ApplicationEventsTestExecutionListener@e26a3df, org.springframework.boot.test.mock.mockito.MockitoTestExecutionListener@57a667c8, org.springframework.boot.test.autoconfigure.SpringBootDependencyInjectionTestExecutionListener@712cd5d3, org.springframework.test.context.support.DirtiesContextTestExecutionListener@2094bf3d, org.springframework.test.context.event.EventPublishingTestExecutionListener@1b17d8ab, org.springframework.boot.test.mock.mockito.ResetMocksTestExecutionListener@7f6b7426, org.springframework.boot.test.autoconfigure.restdocs.RestDocsTestExecutionListener@687eb455, org.springframework.boot.test.autoconfigure.web.client.MockRestServiceServerResetTestExecutionListener@6d969330, org.springframework.boot.test.autoconfigure.web.servlet.MockMvcPrintOnlyOnFailureTestExecutionListener@4861cca9, org.springframework.boot.test.autoconfigure.web.servlet.WebDriverTestExecutionListener@6c8f4bc7, org.springframework.boot.test.autoconfigure.webservices.client.MockWebServiceServerTestExecutionListener@714e861f]
]]></system-out>
  </testcase>
  <testcase name="testGetCustomerDetail" classname="com.jtspringproject.JtSpringProject.AdminControllerTest" time="0.002"/>
  <testcase name="testProfileDisplay" classname="com.jtspringproject.JtSpringProject.AdminControllerTest" time="0.005"/>
  <testcase name="testUpdateUserProfile" classname="com.jtspringproject.JtSpringProject.AdminControllerTest" time="0.015"/>
  <testcase name="testProfileDisplayStatus" classname="com.jtspringproject.JtSpringProject.AdminControllerTest" time="0.005">
    <error message="I/O error on GET request for &quot;http://localhost:8080/profileDisplay&quot;: Connection refused (Connection refused); nested exception is java.net.ConnectException: Connection refused (Connection refused)" type="org.springframework.web.client.ResourceAccessException">org.springframework.web.client.ResourceAccessException: I/O error on GET request for "http://localhost:8080/profileDisplay": Connection refused (Connection refused); nested exception is java.net.ConnectException: Connection refused (Connection refused)
	at com.jtspringproject.JtSpringProject.AdminControllerTest.testProfileDisplayStatus(AdminControllerTest.java:63)
Caused by: java.net.ConnectException: Connection refused (Connection refused)
	at com.jtspringproject.JtSpringProject.AdminControllerTest.testProfileDisplayStatus(AdminControllerTest.java:63)
</error>
  </testcase>
</testsuite>